17:25:44.367 Config: {
	"UseFrontend": false,
	"UseMatchmaker": false,
	"UseHTTPS": false,
	"HTTPSCertFile": "./certificates/client-cert.pem",
	"HTTPSKeyFile": "./certificates/client-key.pem",
	"UseAuthentication": false,
	"LogToFile": true,
	"LogVerbose": true,
	"HomepageFile": "player.html",
	"AdditionalRoutes": {},
	"EnableWebserver": true,
	"MatchmakerAddress": "",
	"MatchmakerPort": 9999,
	"PublicIp": "140.99.6.158",
	"HttpPort": 80,
	"HttpsPort": 443,
	"StreamerPort": 8888,
	"SFUPort": 8889,
	"MaxPlayerCount": -1,
	"DisableSSLCert": true,
	"peerConnectionOptions": "{ \"iceServers\": [{\"urls\": [\"stun:stun.l.google.com:19302\",\"turn:140.99.6.158:19303\"], \"username\": \"PixelStreamingUser\", \"credential\": \"AnotherTURNintheroad\"}] }"
}
17:25:44.390 peerConnectionOptions = {"iceServers":[{"urls":["stun:stun.l.google.com:19302","turn:140.99.6.158:19303"],"username":"PixelStreamingUser","credential":"AnotherTURNintheroad"}]}
17:25:44.395 Running Cirrus - The Pixel Streaming reference implementation signalling server for Unreal Engine 5.2.
17:25:44.406 WebSocket listening for Streamer connections on :8888
17:25:44.407 WebSocket listening for SFU connections on :8889
17:25:44.407 WebSocket listening for Players connections on :80
17:25:44.408 Http listening on *: 80
